{"/home/michael/Desktop/secureit/index.js":{"path":"/home/michael/Desktop/secureit/index.js","s":{"1":1,"2":12,"3":12,"4":12,"5":12,"6":78,"7":18,"8":3,"9":1,"10":15,"11":1,"12":16,"13":10,"14":1,"15":12,"16":10,"17":10,"18":2,"19":1,"20":5,"21":4,"22":1,"23":5,"24":4,"25":1,"26":2,"27":1,"28":2,"29":1,"30":2,"31":1,"32":2,"33":1,"34":2,"35":2,"36":4,"37":1,"38":2,"39":1,"40":14,"41":14,"42":1,"43":14,"44":12,"45":1,"46":12,"47":10,"48":3,"49":2,"50":10,"51":3,"52":2,"53":10,"54":2,"55":1,"56":10,"57":2,"58":1,"59":10,"60":2,"61":1,"62":10,"63":2,"64":1,"65":10,"66":2,"67":1,"68":10,"69":2,"70":1,"71":12,"72":10,"73":2,"74":1},"b":{"1":[18,60],"2":[3,15],"3":[1,2],"4":[1,14],"5":[10,0],"6":[4,1],"7":[4,1],"8":[1,3],"9":[1,13],"10":[12,2],"11":[1,11],"12":[12,11],"13":[3,7],"14":[2,1],"15":[3,7],"16":[2,1],"17":[2,8],"18":[10,3],"19":[1,1],"20":[2,8],"21":[1,1],"22":[2,8],"23":[1,1],"24":[2,8],"25":[1,1],"26":[2,8],"27":[1,1],"28":[2,8],"29":[1,1],"30":[10,2]},"f":{},"fnMap":{},"statementMap":{"1":{"start":{"line":3,"column":0},"end":{"line":36,"column":1}},"2":{"start":{"line":4,"column":2},"end":{"line":6,"column":4}},"3":{"start":{"line":8,"column":2},"end":{"line":15,"column":3}},"4":{"start":{"line":17,"column":2},"end":{"line":17,"column":28}},"5":{"start":{"line":19,"column":2},"end":{"line":33,"column":5}},"6":{"start":{"line":20,"column":4},"end":{"line":32,"column":5}},"7":{"start":{"line":21,"column":6},"end":{"line":30,"column":7}},"8":{"start":{"line":22,"column":8},"end":{"line":24,"column":9}},"9":{"start":{"line":23,"column":10},"end":{"line":23,"column":56}},"10":{"start":{"line":27,"column":8},"end":{"line":29,"column":9}},"11":{"start":{"line":28,"column":10},"end":{"line":28,"column":71}},"12":{"start":{"line":31,"column":6},"end":{"line":31,"column":47}},"13":{"start":{"line":35,"column":2},"end":{"line":35,"column":24}},"14":{"start":{"line":38,"column":0},"end":{"line":43,"column":1}},"15":{"start":{"line":39,"column":2},"end":{"line":41,"column":3}},"16":{"start":{"line":40,"column":4},"end":{"line":40,"column":45}},"17":{"start":{"line":40,"column":32},"end":{"line":40,"column":45}},"18":{"start":{"line":42,"column":2},"end":{"line":42,"column":14}},"19":{"start":{"line":45,"column":0},"end":{"line":49,"column":1}},"20":{"start":{"line":46,"column":2},"end":{"line":48,"column":3}},"21":{"start":{"line":47,"column":4},"end":{"line":47,"column":142}},"22":{"start":{"line":51,"column":0},"end":{"line":55,"column":1}},"23":{"start":{"line":52,"column":2},"end":{"line":54,"column":3}},"24":{"start":{"line":53,"column":4},"end":{"line":53,"column":142}},"25":{"start":{"line":57,"column":0},"end":{"line":57,"column":58}},"26":{"start":{"line":57,"column":35},"end":{"line":57,"column":57}},"27":{"start":{"line":59,"column":0},"end":{"line":59,"column":61}},"28":{"start":{"line":59,"column":38},"end":{"line":59,"column":60}},"29":{"start":{"line":61,"column":0},"end":{"line":61,"column":61}},"30":{"start":{"line":61,"column":38},"end":{"line":61,"column":60}},"31":{"start":{"line":63,"column":0},"end":{"line":63,"column":97}},"32":{"start":{"line":63,"column":45},"end":{"line":63,"column":96}},"33":{"start":{"line":65,"column":0},"end":{"line":71,"column":1}},"34":{"start":{"line":66,"column":2},"end":{"line":66,"column":29}},"35":{"start":{"line":67,"column":2},"end":{"line":69,"column":4}},"36":{"start":{"line":68,"column":4},"end":{"line":68,"column":58}},"37":{"start":{"line":68,"column":34},"end":{"line":68,"column":58}},"38":{"start":{"line":70,"column":2},"end":{"line":70,"column":25}},"39":{"start":{"line":73,"column":0},"end":{"line":135,"column":1}},"40":{"start":{"line":74,"column":2},"end":{"line":74,"column":20}},"41":{"start":{"line":76,"column":2},"end":{"line":78,"column":3}},"42":{"start":{"line":77,"column":4},"end":{"line":77,"column":54}},"43":{"start":{"line":79,"column":2},"end":{"line":127,"column":3}},"44":{"start":{"line":80,"column":4},"end":{"line":82,"column":5}},"45":{"start":{"line":81,"column":6},"end":{"line":81,"column":76}},"46":{"start":{"line":84,"column":4},"end":{"line":92,"column":35}},"47":{"start":{"line":94,"column":4},"end":{"line":96,"column":5}},"48":{"start":{"line":95,"column":6},"end":{"line":95,"column":102}},"49":{"start":{"line":95,"column":47},"end":{"line":95,"column":102}},"50":{"start":{"line":97,"column":4},"end":{"line":99,"column":5}},"51":{"start":{"line":98,"column":6},"end":{"line":98,"column":102}},"52":{"start":{"line":98,"column":47},"end":{"line":98,"column":102}},"53":{"start":{"line":100,"column":4},"end":{"line":104,"column":5}},"54":{"start":{"line":101,"column":6},"end":{"line":103,"column":7}},"55":{"start":{"line":102,"column":8},"end":{"line":102,"column":86}},"56":{"start":{"line":106,"column":4},"end":{"line":108,"column":5}},"57":{"start":{"line":107,"column":6},"end":{"line":107,"column":100}},"58":{"start":{"line":107,"column":37},"end":{"line":107,"column":100}},"59":{"start":{"line":110,"column":4},"end":{"line":112,"column":5}},"60":{"start":{"line":111,"column":6},"end":{"line":111,"column":117}},"61":{"start":{"line":111,"column":40},"end":{"line":111,"column":117}},"62":{"start":{"line":114,"column":4},"end":{"line":116,"column":5}},"63":{"start":{"line":115,"column":6},"end":{"line":115,"column":117}},"64":{"start":{"line":115,"column":40},"end":{"line":115,"column":117}},"65":{"start":{"line":118,"column":4},"end":{"line":120,"column":5}},"66":{"start":{"line":119,"column":6},"end":{"line":119,"column":131}},"67":{"start":{"line":119,"column":47},"end":{"line":119,"column":131}},"68":{"start":{"line":122,"column":4},"end":{"line":126,"column":5}},"69":{"start":{"line":123,"column":6},"end":{"line":125,"column":7}},"70":{"start":{"line":124,"column":8},"end":{"line":124,"column":122}},"71":{"start":{"line":129,"column":2},"end":{"line":133,"column":3}},"72":{"start":{"line":130,"column":4},"end":{"line":130,"column":51}},"73":{"start":{"line":132,"column":4},"end":{"line":132,"column":39}},"74":{"start":{"line":137,"column":0},"end":{"line":137,"column":29}}},"branchMap":{"1":{"line":20,"type":"if","locations":[{"start":{"line":20,"column":4},"end":{"line":20,"column":4}},{"start":{"line":20,"column":4},"end":{"line":20,"column":4}}]},"2":{"line":21,"type":"if","locations":[{"start":{"line":21,"column":6},"end":{"line":21,"column":6}},{"start":{"line":21,"column":6},"end":{"line":21,"column":6}}]},"3":{"line":22,"type":"if","locations":[{"start":{"line":22,"column":8},"end":{"line":22,"column":8}},{"start":{"line":22,"column":8},"end":{"line":22,"column":8}}]},"4":{"line":27,"type":"if","locations":[{"start":{"line":27,"column":8},"end":{"line":27,"column":8}},{"start":{"line":27,"column":8},"end":{"line":27,"column":8}}]},"5":{"line":40,"type":"if","locations":[{"start":{"line":40,"column":4},"end":{"line":40,"column":4}},{"start":{"line":40,"column":4},"end":{"line":40,"column":4}}]},"6":{"line":46,"type":"if","locations":[{"start":{"line":46,"column":2},"end":{"line":46,"column":2}},{"start":{"line":46,"column":2},"end":{"line":46,"column":2}}]},"7":{"line":52,"type":"if","locations":[{"start":{"line":52,"column":2},"end":{"line":52,"column":2}},{"start":{"line":52,"column":2},"end":{"line":52,"column":2}}]},"8":{"line":68,"type":"if","locations":[{"start":{"line":68,"column":4},"end":{"line":68,"column":4}},{"start":{"line":68,"column":4},"end":{"line":68,"column":4}}]},"9":{"line":76,"type":"if","locations":[{"start":{"line":76,"column":2},"end":{"line":76,"column":2}},{"start":{"line":76,"column":2},"end":{"line":76,"column":2}}]},"10":{"line":79,"type":"if","locations":[{"start":{"line":79,"column":2},"end":{"line":79,"column":2}},{"start":{"line":79,"column":2},"end":{"line":79,"column":2}}]},"11":{"line":80,"type":"if","locations":[{"start":{"line":80,"column":4},"end":{"line":80,"column":4}},{"start":{"line":80,"column":4},"end":{"line":80,"column":4}}]},"12":{"line":80,"type":"binary-expr","locations":[{"start":{"line":80,"column":8},"end":{"line":80,"column":35}},{"start":{"line":80,"column":39},"end":{"line":80,"column":61}}]},"13":{"line":94,"type":"if","locations":[{"start":{"line":94,"column":4},"end":{"line":94,"column":4}},{"start":{"line":94,"column":4},"end":{"line":94,"column":4}}]},"14":{"line":95,"type":"if","locations":[{"start":{"line":95,"column":6},"end":{"line":95,"column":6}},{"start":{"line":95,"column":6},"end":{"line":95,"column":6}}]},"15":{"line":97,"type":"if","locations":[{"start":{"line":97,"column":4},"end":{"line":97,"column":4}},{"start":{"line":97,"column":4},"end":{"line":97,"column":4}}]},"16":{"line":98,"type":"if","locations":[{"start":{"line":98,"column":6},"end":{"line":98,"column":6}},{"start":{"line":98,"column":6},"end":{"line":98,"column":6}}]},"17":{"line":100,"type":"if","locations":[{"start":{"line":100,"column":4},"end":{"line":100,"column":4}},{"start":{"line":100,"column":4},"end":{"line":100,"column":4}}]},"18":{"line":100,"type":"binary-expr","locations":[{"start":{"line":100,"column":8},"end":{"line":100,"column":17}},{"start":{"line":100,"column":21},"end":{"line":100,"column":30}}]},"19":{"line":101,"type":"if","locations":[{"start":{"line":101,"column":6},"end":{"line":101,"column":6}},{"start":{"line":101,"column":6},"end":{"line":101,"column":6}}]},"20":{"line":106,"type":"if","locations":[{"start":{"line":106,"column":4},"end":{"line":106,"column":4}},{"start":{"line":106,"column":4},"end":{"line":106,"column":4}}]},"21":{"line":107,"type":"if","locations":[{"start":{"line":107,"column":6},"end":{"line":107,"column":6}},{"start":{"line":107,"column":6},"end":{"line":107,"column":6}}]},"22":{"line":110,"type":"if","locations":[{"start":{"line":110,"column":4},"end":{"line":110,"column":4}},{"start":{"line":110,"column":4},"end":{"line":110,"column":4}}]},"23":{"line":111,"type":"if","locations":[{"start":{"line":111,"column":6},"end":{"line":111,"column":6}},{"start":{"line":111,"column":6},"end":{"line":111,"column":6}}]},"24":{"line":114,"type":"if","locations":[{"start":{"line":114,"column":4},"end":{"line":114,"column":4}},{"start":{"line":114,"column":4},"end":{"line":114,"column":4}}]},"25":{"line":115,"type":"if","locations":[{"start":{"line":115,"column":6},"end":{"line":115,"column":6}},{"start":{"line":115,"column":6},"end":{"line":115,"column":6}}]},"26":{"line":118,"type":"if","locations":[{"start":{"line":118,"column":4},"end":{"line":118,"column":4}},{"start":{"line":118,"column":4},"end":{"line":118,"column":4}}]},"27":{"line":119,"type":"if","locations":[{"start":{"line":119,"column":6},"end":{"line":119,"column":6}},{"start":{"line":119,"column":6},"end":{"line":119,"column":6}}]},"28":{"line":122,"type":"if","locations":[{"start":{"line":122,"column":4},"end":{"line":122,"column":4}},{"start":{"line":122,"column":4},"end":{"line":122,"column":4}}]},"29":{"line":123,"type":"if","locations":[{"start":{"line":123,"column":6},"end":{"line":123,"column":6}},{"start":{"line":123,"column":6},"end":{"line":123,"column":6}}]},"30":{"line":129,"type":"if","locations":[{"start":{"line":129,"column":2},"end":{"line":129,"column":2}},{"start":{"line":129,"column":2},"end":{"line":129,"column":2}}]}}}}