TN:
SF:/home/michael/Desktop/secureit/index.js
FNF:0
FNH:0
DA:3,1
DA:4,12
DA:8,12
DA:17,12
DA:19,12
DA:20,78
DA:21,18
DA:22,3
DA:23,1
DA:27,15
DA:28,1
DA:31,16
DA:35,10
DA:38,1
DA:39,12
DA:40,10
DA:42,2
DA:45,1
DA:46,5
DA:47,4
DA:51,1
DA:52,5
DA:53,4
DA:57,2
DA:59,2
DA:61,2
DA:63,2
DA:65,1
DA:66,2
DA:67,2
DA:68,4
DA:70,2
DA:73,1
DA:74,14
DA:76,14
DA:77,1
DA:79,14
DA:80,12
DA:81,1
DA:84,12
DA:94,10
DA:95,3
DA:97,10
DA:98,3
DA:100,10
DA:101,2
DA:102,1
DA:106,10
DA:107,2
DA:110,10
DA:111,2
DA:114,10
DA:115,2
DA:118,10
DA:119,2
DA:122,10
DA:123,2
DA:124,1
DA:129,12
DA:130,10
DA:132,2
DA:137,1
LF:62
LH:62
BRDA:20,1,0,18
BRDA:20,1,1,60
BRDA:21,2,0,3
BRDA:21,2,1,15
BRDA:22,3,0,1
BRDA:22,3,1,2
BRDA:27,4,0,1
BRDA:27,4,1,14
BRDA:40,5,0,10
BRDA:40,5,1,0
BRDA:46,6,0,4
BRDA:46,6,1,1
BRDA:52,7,0,4
BRDA:52,7,1,1
BRDA:68,8,0,1
BRDA:68,8,1,3
BRDA:76,9,0,1
BRDA:76,9,1,13
BRDA:79,10,0,12
BRDA:79,10,1,2
BRDA:80,11,0,1
BRDA:80,11,1,11
BRDA:80,12,0,12
BRDA:80,12,1,11
BRDA:94,13,0,3
BRDA:94,13,1,7
BRDA:95,14,0,2
BRDA:95,14,1,1
BRDA:97,15,0,3
BRDA:97,15,1,7
BRDA:98,16,0,2
BRDA:98,16,1,1
BRDA:100,17,0,2
BRDA:100,17,1,8
BRDA:100,18,0,10
BRDA:100,18,1,3
BRDA:101,19,0,1
BRDA:101,19,1,1
BRDA:106,20,0,2
BRDA:106,20,1,8
BRDA:107,21,0,1
BRDA:107,21,1,1
BRDA:110,22,0,2
BRDA:110,22,1,8
BRDA:111,23,0,1
BRDA:111,23,1,1
BRDA:114,24,0,2
BRDA:114,24,1,8
BRDA:115,25,0,1
BRDA:115,25,1,1
BRDA:118,26,0,2
BRDA:118,26,1,8
BRDA:119,27,0,1
BRDA:119,27,1,1
BRDA:122,28,0,2
BRDA:122,28,1,8
BRDA:123,29,0,1
BRDA:123,29,1,1
BRDA:129,30,0,10
BRDA:129,30,1,2
BRF:60
BRH:59
end_of_record
